2016-02-28 15:32:08,227 WARN org.apache.hadoop.util.NativeCodeLoader: Unable to load native-hadoop library for your platform... using builtin-java classes where applicable
2016-02-28 15:32:09,093 INFO org.apache.hadoop.conf.Configuration.deprecation: session.id is deprecated. Instead, use dfs.metrics.session-id
2016-02-28 15:32:09,098 INFO org.apache.hadoop.metrics.jvm.JvmMetrics: Initializing JVM Metrics with processName=JobTracker, sessionId=
2016-02-28 15:32:09,188 WARN org.apache.hadoop.security.UserGroupInformation: PriviledgedActionException as:cloudera (auth:SIMPLE) cause:org.apache.hadoop.mapred.FileAlreadyExistsException: Output directory file:/home/cloudera/workspace/MavenCards/output already exists
2016-02-28 15:32:48,887 WARN org.apache.hadoop.util.NativeCodeLoader: Unable to load native-hadoop library for your platform... using builtin-java classes where applicable
2016-02-28 15:32:49,775 INFO org.apache.hadoop.conf.Configuration.deprecation: session.id is deprecated. Instead, use dfs.metrics.session-id
2016-02-28 15:32:49,781 INFO org.apache.hadoop.metrics.jvm.JvmMetrics: Initializing JVM Metrics with processName=JobTracker, sessionId=
2016-02-28 15:32:50,401 WARN org.apache.hadoop.mapreduce.JobResourceUploader: No job jar file set.  User classes may not be found. See Job or Job#setJar(String).
2016-02-28 15:32:50,414 INFO org.apache.hadoop.mapreduce.lib.input.FileInputFormat: Total input paths to process : 1
2016-02-28 15:32:50,474 INFO org.apache.hadoop.mapreduce.JobSubmitter: number of splits:1
2016-02-28 15:32:50,879 INFO org.apache.hadoop.mapreduce.JobSubmitter: Submitting tokens for job: job_local47620267_0001
2016-02-28 15:32:51,709 INFO org.apache.hadoop.mapreduce.Job: The url to track the job: http://localhost:8080/
2016-02-28 15:32:51,710 INFO org.apache.hadoop.mapreduce.Job: Running job: job_local47620267_0001
2016-02-28 15:32:51,716 INFO org.apache.hadoop.mapred.LocalJobRunner: OutputCommitter set in config null
2016-02-28 15:32:51,729 INFO org.apache.hadoop.mapreduce.lib.output.FileOutputCommitter: File Output Committer Algorithm version is 1
2016-02-28 15:32:51,735 INFO org.apache.hadoop.mapred.LocalJobRunner: OutputCommitter is org.apache.hadoop.mapreduce.lib.output.FileOutputCommitter
2016-02-28 15:32:51,954 INFO org.apache.hadoop.mapred.LocalJobRunner: Waiting for map tasks
2016-02-28 15:32:51,956 INFO org.apache.hadoop.mapred.LocalJobRunner: Starting task: attempt_local47620267_0001_m_000000_0
2016-02-28 15:32:52,051 INFO org.apache.hadoop.mapreduce.lib.output.FileOutputCommitter: File Output Committer Algorithm version is 1
2016-02-28 15:32:52,087 INFO org.apache.hadoop.mapred.Task:  Using ResourceCalculatorProcessTree : [ ]
2016-02-28 15:32:52,091 INFO org.apache.hadoop.mapred.MapTask: Processing split: file:/home/cloudera/workspace/MavenCards/input/cardinput.txt:0+246
2016-02-28 15:32:52,387 INFO org.apache.hadoop.mapred.MapTask: (EQUATOR) 0 kvi 26214396(104857584)
2016-02-28 15:32:52,391 INFO org.apache.hadoop.mapred.MapTask: mapreduce.task.io.sort.mb: 100
2016-02-28 15:32:52,391 INFO org.apache.hadoop.mapred.MapTask: soft limit at 83886080
2016-02-28 15:32:52,391 INFO org.apache.hadoop.mapred.MapTask: bufstart = 0; bufvoid = 104857600
2016-02-28 15:32:52,391 INFO org.apache.hadoop.mapred.MapTask: kvstart = 26214396; length = 6553600
2016-02-28 15:32:52,400 INFO org.apache.hadoop.mapred.MapTask: Map output collector class = org.apache.hadoop.mapred.MapTask$MapOutputBuffer
2016-02-28 15:32:52,431 INFO org.apache.hadoop.mapred.LocalJobRunner: 
2016-02-28 15:32:52,432 INFO org.apache.hadoop.mapred.MapTask: Starting flush of map output
2016-02-28 15:32:52,434 INFO org.apache.hadoop.mapred.MapTask: Spilling map output
2016-02-28 15:32:52,434 INFO org.apache.hadoop.mapred.MapTask: bufstart = 0; bufend = 218; bufvoid = 104857600
2016-02-28 15:32:52,434 INFO org.apache.hadoop.mapred.MapTask: kvstart = 26214396(104857584); kvend = 26214324(104857296); length = 73/6553600
2016-02-28 15:32:52,460 INFO org.apache.hadoop.mapred.MapTask: Finished spill 0
2016-02-28 15:32:52,465 INFO org.apache.hadoop.mapred.Task: Task:attempt_local47620267_0001_m_000000_0 is done. And is in the process of committing
2016-02-28 15:32:52,506 INFO org.apache.hadoop.mapred.LocalJobRunner: map
2016-02-28 15:32:52,507 INFO org.apache.hadoop.mapred.Task: Task 'attempt_local47620267_0001_m_000000_0' done.
2016-02-28 15:32:52,507 INFO org.apache.hadoop.mapred.LocalJobRunner: Finishing task: attempt_local47620267_0001_m_000000_0
2016-02-28 15:32:52,507 INFO org.apache.hadoop.mapred.LocalJobRunner: map task executor complete.
2016-02-28 15:32:52,521 INFO org.apache.hadoop.mapred.LocalJobRunner: Waiting for reduce tasks
2016-02-28 15:32:52,521 INFO org.apache.hadoop.mapred.LocalJobRunner: Starting task: attempt_local47620267_0001_r_000000_0
2016-02-28 15:32:52,543 INFO org.apache.hadoop.mapreduce.lib.output.FileOutputCommitter: File Output Committer Algorithm version is 1
2016-02-28 15:32:52,543 INFO org.apache.hadoop.mapred.Task:  Using ResourceCalculatorProcessTree : [ ]
2016-02-28 15:32:52,551 INFO org.apache.hadoop.mapred.ReduceTask: Using ShuffleConsumerPlugin: org.apache.hadoop.mapreduce.task.reduce.Shuffle@3ff3a808
2016-02-28 15:32:52,575 INFO org.apache.hadoop.mapreduce.task.reduce.MergeManagerImpl: MergerManager: memoryLimit=1396395136, maxSingleShuffleLimit=349098784, mergeThreshold=921620800, ioSortFactor=10, memToMemMergeOutputsThreshold=10
2016-02-28 15:32:52,582 INFO org.apache.hadoop.mapreduce.task.reduce.EventFetcher: attempt_local47620267_0001_r_000000_0 Thread started: EventFetcher for fetching Map Completion Events
2016-02-28 15:32:52,638 INFO org.apache.hadoop.mapreduce.task.reduce.LocalFetcher: localfetcher#1 about to shuffle output of map attempt_local47620267_0001_m_000000_0 decomp: 258 len: 262 to MEMORY
2016-02-28 15:32:52,642 INFO org.apache.hadoop.mapreduce.task.reduce.InMemoryMapOutput: Read 258 bytes from map-output for attempt_local47620267_0001_m_000000_0
2016-02-28 15:32:52,644 INFO org.apache.hadoop.mapreduce.task.reduce.MergeManagerImpl: closeInMemoryFile -> map-output of size: 258, inMemoryMapOutputs.size() -> 1, commitMemory -> 0, usedMemory ->258
2016-02-28 15:32:52,645 INFO org.apache.hadoop.mapreduce.task.reduce.EventFetcher: EventFetcher is interrupted.. Returning
2016-02-28 15:32:52,647 INFO org.apache.hadoop.mapred.LocalJobRunner: 1 / 1 copied.
2016-02-28 15:32:52,647 INFO org.apache.hadoop.mapreduce.task.reduce.MergeManagerImpl: finalMerge called with 1 in-memory map-outputs and 0 on-disk map-outputs
2016-02-28 15:32:52,656 INFO org.apache.hadoop.mapred.Merger: Merging 1 sorted segments
2016-02-28 15:32:52,657 INFO org.apache.hadoop.mapred.Merger: Down to the last merge-pass, with 1 segments left of total size: 250 bytes
2016-02-28 15:32:52,658 INFO org.apache.hadoop.mapreduce.task.reduce.MergeManagerImpl: Merged 1 segments, 258 bytes to disk to satisfy reduce memory limit
2016-02-28 15:32:52,659 INFO org.apache.hadoop.mapreduce.task.reduce.MergeManagerImpl: Merging 1 files, 262 bytes from disk
2016-02-28 15:32:52,659 INFO org.apache.hadoop.mapreduce.task.reduce.MergeManagerImpl: Merging 0 segments, 0 bytes from memory into reduce
2016-02-28 15:32:52,660 INFO org.apache.hadoop.mapred.Merger: Merging 1 sorted segments
2016-02-28 15:32:52,660 INFO org.apache.hadoop.mapred.Merger: Down to the last merge-pass, with 1 segments left of total size: 250 bytes
2016-02-28 15:32:52,660 INFO org.apache.hadoop.mapred.LocalJobRunner: 1 / 1 copied.
2016-02-28 15:32:52,668 INFO org.apache.hadoop.conf.Configuration.deprecation: mapred.skip.on is deprecated. Instead, use mapreduce.job.skiprecords
2016-02-28 15:32:52,689 INFO org.apache.hadoop.mapred.Task: Task:attempt_local47620267_0001_r_000000_0 is done. And is in the process of committing
2016-02-28 15:32:52,691 INFO org.apache.hadoop.mapred.LocalJobRunner: 1 / 1 copied.
2016-02-28 15:32:52,693 INFO org.apache.hadoop.mapred.Task: Task attempt_local47620267_0001_r_000000_0 is allowed to commit now
2016-02-28 15:32:52,695 INFO org.apache.hadoop.mapreduce.lib.output.FileOutputCommitter: Saved output of task 'attempt_local47620267_0001_r_000000_0' to file:/home/cloudera/workspace/MavenCards/output/_temporary/0/task_local47620267_0001_r_000000
2016-02-28 15:32:52,696 INFO org.apache.hadoop.mapred.LocalJobRunner: reduce > reduce
2016-02-28 15:32:52,696 INFO org.apache.hadoop.mapred.Task: Task 'attempt_local47620267_0001_r_000000_0' done.
2016-02-28 15:32:52,696 INFO org.apache.hadoop.mapred.LocalJobRunner: Finishing task: attempt_local47620267_0001_r_000000_0
2016-02-28 15:32:52,696 INFO org.apache.hadoop.mapred.LocalJobRunner: reduce task executor complete.
2016-02-28 15:32:52,714 INFO org.apache.hadoop.mapreduce.Job: Job job_local47620267_0001 running in uber mode : false
2016-02-28 15:32:52,715 INFO org.apache.hadoop.mapreduce.Job:  map 100% reduce 100%
2016-02-28 15:32:53,717 INFO org.apache.hadoop.mapreduce.Job: Job job_local47620267_0001 completed successfully
2016-02-28 15:32:53,732 INFO org.apache.hadoop.mapreduce.Job: Counters: 33
	File System Counters
		FILE: Number of bytes read=1408
		FILE: Number of bytes written=525123
		FILE: Number of read operations=0
		FILE: Number of large read operations=0
		FILE: Number of write operations=0
	Map-Reduce Framework
		Map input records=24
		Map output records=19
		Map output bytes=218
		Map output materialized bytes=262
		Input split bytes=125
		Combine input records=0
		Combine output records=0
		Reduce input groups=4
		Reduce shuffle bytes=262
		Reduce input records=19
		Reduce output records=4
		Spilled Records=38
		Shuffled Maps =1
		Failed Shuffles=0
		Merged Map outputs=1
		GC time elapsed (ms)=94
		CPU time spent (ms)=0
		Physical memory (bytes) snapshot=0
		Virtual memory (bytes) snapshot=0
		Total committed heap usage (bytes)=459284480
	Shuffle Errors
		BAD_ID=0
		CONNECTION=0
		IO_ERROR=0
		WRONG_LENGTH=0
		WRONG_MAP=0
		WRONG_REDUCE=0
	File Input Format Counters 
		Bytes Read=246
	File Output Format Counters 
		Bytes Written=53
2016-02-28 15:43:50,515 WARN org.apache.hadoop.util.NativeCodeLoader: Unable to load native-hadoop library for your platform... using builtin-java classes where applicable
2016-02-28 15:43:51,288 INFO org.apache.hadoop.conf.Configuration.deprecation: session.id is deprecated. Instead, use dfs.metrics.session-id
2016-02-28 15:43:51,290 INFO org.apache.hadoop.metrics.jvm.JvmMetrics: Initializing JVM Metrics with processName=JobTracker, sessionId=
2016-02-28 15:43:51,378 WARN org.apache.hadoop.security.UserGroupInformation: PriviledgedActionException as:cloudera (auth:SIMPLE) cause:org.apache.hadoop.mapred.FileAlreadyExistsException: Output directory file:/home/cloudera/workspace/MavenCards/output already exists
2016-02-28 15:44:29,808 WARN org.apache.hadoop.util.NativeCodeLoader: Unable to load native-hadoop library for your platform... using builtin-java classes where applicable
2016-02-28 15:44:30,596 INFO org.apache.hadoop.conf.Configuration.deprecation: session.id is deprecated. Instead, use dfs.metrics.session-id
2016-02-28 15:44:30,602 INFO org.apache.hadoop.metrics.jvm.JvmMetrics: Initializing JVM Metrics with processName=JobTracker, sessionId=
2016-02-28 15:44:31,659 WARN org.apache.hadoop.mapreduce.JobResourceUploader: No job jar file set.  User classes may not be found. See Job or Job#setJar(String).
2016-02-28 15:44:31,694 INFO org.apache.hadoop.mapreduce.lib.input.FileInputFormat: Total input paths to process : 1
2016-02-28 15:44:31,767 INFO org.apache.hadoop.mapreduce.JobSubmitter: number of splits:1
2016-02-28 15:44:32,267 INFO org.apache.hadoop.mapreduce.JobSubmitter: Submitting tokens for job: job_local389593482_0001
2016-02-28 15:44:33,093 INFO org.apache.hadoop.mapreduce.Job: The url to track the job: http://localhost:8080/
2016-02-28 15:44:33,095 INFO org.apache.hadoop.mapreduce.Job: Running job: job_local389593482_0001
2016-02-28 15:44:33,101 INFO org.apache.hadoop.mapred.LocalJobRunner: OutputCommitter set in config null
2016-02-28 15:44:33,112 INFO org.apache.hadoop.mapreduce.lib.output.FileOutputCommitter: File Output Committer Algorithm version is 1
2016-02-28 15:44:33,116 INFO org.apache.hadoop.mapred.LocalJobRunner: OutputCommitter is org.apache.hadoop.mapreduce.lib.output.FileOutputCommitter
2016-02-28 15:44:33,280 INFO org.apache.hadoop.mapred.LocalJobRunner: Waiting for map tasks
2016-02-28 15:44:33,284 INFO org.apache.hadoop.mapred.LocalJobRunner: Starting task: attempt_local389593482_0001_m_000000_0
2016-02-28 15:44:33,364 INFO org.apache.hadoop.mapreduce.lib.output.FileOutputCommitter: File Output Committer Algorithm version is 1
2016-02-28 15:44:33,397 INFO org.apache.hadoop.mapred.Task:  Using ResourceCalculatorProcessTree : [ ]
2016-02-28 15:44:33,409 INFO org.apache.hadoop.mapred.MapTask: Processing split: file:/home/cloudera/workspace/MavenCards/input/cardinput.txt:0+246
2016-02-28 15:44:33,633 INFO org.apache.hadoop.mapred.MapTask: (EQUATOR) 0 kvi 26214396(104857584)
2016-02-28 15:44:33,633 INFO org.apache.hadoop.mapred.MapTask: mapreduce.task.io.sort.mb: 100
2016-02-28 15:44:33,633 INFO org.apache.hadoop.mapred.MapTask: soft limit at 83886080
2016-02-28 15:44:33,633 INFO org.apache.hadoop.mapred.MapTask: bufstart = 0; bufvoid = 104857600
2016-02-28 15:44:33,635 INFO org.apache.hadoop.mapred.MapTask: kvstart = 26214396; length = 6553600
2016-02-28 15:44:33,645 INFO org.apache.hadoop.mapred.MapTask: Map output collector class = org.apache.hadoop.mapred.MapTask$MapOutputBuffer
2016-02-28 15:44:33,677 INFO org.apache.hadoop.mapred.LocalJobRunner: 
2016-02-28 15:44:33,678 INFO org.apache.hadoop.mapred.MapTask: Starting flush of map output
2016-02-28 15:44:33,678 INFO org.apache.hadoop.mapred.MapTask: Spilling map output
2016-02-28 15:44:33,678 INFO org.apache.hadoop.mapred.MapTask: bufstart = 0; bufend = 218; bufvoid = 104857600
2016-02-28 15:44:33,678 INFO org.apache.hadoop.mapred.MapTask: kvstart = 26214396(104857584); kvend = 26214324(104857296); length = 73/6553600
2016-02-28 15:44:33,705 INFO org.apache.hadoop.mapred.MapTask: Finished spill 0
2016-02-28 15:44:33,713 INFO org.apache.hadoop.mapred.Task: Task:attempt_local389593482_0001_m_000000_0 is done. And is in the process of committing
2016-02-28 15:44:33,740 INFO org.apache.hadoop.mapred.LocalJobRunner: map
2016-02-28 15:44:33,741 INFO org.apache.hadoop.mapred.Task: Task 'attempt_local389593482_0001_m_000000_0' done.
2016-02-28 15:44:33,741 INFO org.apache.hadoop.mapred.LocalJobRunner: Finishing task: attempt_local389593482_0001_m_000000_0
2016-02-28 15:44:33,743 INFO org.apache.hadoop.mapred.LocalJobRunner: map task executor complete.
2016-02-28 15:44:33,755 INFO org.apache.hadoop.mapred.LocalJobRunner: Waiting for reduce tasks
2016-02-28 15:44:33,755 INFO org.apache.hadoop.mapred.LocalJobRunner: Starting task: attempt_local389593482_0001_r_000000_0
2016-02-28 15:44:33,770 INFO org.apache.hadoop.mapreduce.lib.output.FileOutputCommitter: File Output Committer Algorithm version is 1
2016-02-28 15:44:33,771 INFO org.apache.hadoop.mapred.Task:  Using ResourceCalculatorProcessTree : [ ]
2016-02-28 15:44:33,774 INFO org.apache.hadoop.mapred.ReduceTask: Using ShuffleConsumerPlugin: org.apache.hadoop.mapreduce.task.reduce.Shuffle@7ddc8095
2016-02-28 15:44:33,797 INFO org.apache.hadoop.mapreduce.task.reduce.MergeManagerImpl: MergerManager: memoryLimit=1396395136, maxSingleShuffleLimit=349098784, mergeThreshold=921620800, ioSortFactor=10, memToMemMergeOutputsThreshold=10
2016-02-28 15:44:33,803 INFO org.apache.hadoop.mapreduce.task.reduce.EventFetcher: attempt_local389593482_0001_r_000000_0 Thread started: EventFetcher for fetching Map Completion Events
2016-02-28 15:44:33,846 INFO org.apache.hadoop.mapreduce.task.reduce.LocalFetcher: localfetcher#1 about to shuffle output of map attempt_local389593482_0001_m_000000_0 decomp: 258 len: 262 to MEMORY
2016-02-28 15:44:33,851 INFO org.apache.hadoop.mapreduce.task.reduce.InMemoryMapOutput: Read 258 bytes from map-output for attempt_local389593482_0001_m_000000_0
2016-02-28 15:44:33,853 INFO org.apache.hadoop.mapreduce.task.reduce.MergeManagerImpl: closeInMemoryFile -> map-output of size: 258, inMemoryMapOutputs.size() -> 1, commitMemory -> 0, usedMemory ->258
2016-02-28 15:44:33,854 INFO org.apache.hadoop.mapreduce.task.reduce.EventFetcher: EventFetcher is interrupted.. Returning
2016-02-28 15:44:33,855 INFO org.apache.hadoop.mapred.LocalJobRunner: 1 / 1 copied.
2016-02-28 15:44:33,855 INFO org.apache.hadoop.mapreduce.task.reduce.MergeManagerImpl: finalMerge called with 1 in-memory map-outputs and 0 on-disk map-outputs
2016-02-28 15:44:33,863 INFO org.apache.hadoop.mapred.Merger: Merging 1 sorted segments
2016-02-28 15:44:33,864 INFO org.apache.hadoop.mapred.Merger: Down to the last merge-pass, with 1 segments left of total size: 250 bytes
2016-02-28 15:44:33,865 INFO org.apache.hadoop.mapreduce.task.reduce.MergeManagerImpl: Merged 1 segments, 258 bytes to disk to satisfy reduce memory limit
2016-02-28 15:44:33,865 INFO org.apache.hadoop.mapreduce.task.reduce.MergeManagerImpl: Merging 1 files, 262 bytes from disk
2016-02-28 15:44:33,867 INFO org.apache.hadoop.mapreduce.task.reduce.MergeManagerImpl: Merging 0 segments, 0 bytes from memory into reduce
2016-02-28 15:44:33,867 INFO org.apache.hadoop.mapred.Merger: Merging 1 sorted segments
2016-02-28 15:44:33,868 INFO org.apache.hadoop.mapred.Merger: Down to the last merge-pass, with 1 segments left of total size: 250 bytes
2016-02-28 15:44:33,873 INFO org.apache.hadoop.mapred.LocalJobRunner: 1 / 1 copied.
2016-02-28 15:44:33,900 INFO org.apache.hadoop.conf.Configuration.deprecation: mapred.skip.on is deprecated. Instead, use mapreduce.job.skiprecords
2016-02-28 15:44:33,919 INFO org.apache.hadoop.mapred.Task: Task:attempt_local389593482_0001_r_000000_0 is done. And is in the process of committing
2016-02-28 15:44:33,924 INFO org.apache.hadoop.mapred.LocalJobRunner: 1 / 1 copied.
2016-02-28 15:44:33,929 INFO org.apache.hadoop.mapred.Task: Task attempt_local389593482_0001_r_000000_0 is allowed to commit now
2016-02-28 15:44:33,932 INFO org.apache.hadoop.mapreduce.lib.output.FileOutputCommitter: Saved output of task 'attempt_local389593482_0001_r_000000_0' to file:/home/cloudera/workspace/MavenCards/output/_temporary/0/task_local389593482_0001_r_000000
2016-02-28 15:44:33,935 INFO org.apache.hadoop.mapred.LocalJobRunner: reduce > reduce
2016-02-28 15:44:33,938 INFO org.apache.hadoop.mapred.Task: Task 'attempt_local389593482_0001_r_000000_0' done.
2016-02-28 15:44:33,938 INFO org.apache.hadoop.mapred.LocalJobRunner: Finishing task: attempt_local389593482_0001_r_000000_0
2016-02-28 15:44:33,939 INFO org.apache.hadoop.mapred.LocalJobRunner: reduce task executor complete.
2016-02-28 15:44:34,097 INFO org.apache.hadoop.mapreduce.Job: Job job_local389593482_0001 running in uber mode : false
2016-02-28 15:44:34,101 INFO org.apache.hadoop.mapreduce.Job:  map 100% reduce 100%
2016-02-28 15:44:34,105 INFO org.apache.hadoop.mapreduce.Job: Job job_local389593482_0001 completed successfully
2016-02-28 15:44:34,132 INFO org.apache.hadoop.mapreduce.Job: Counters: 33
	File System Counters
		FILE: Number of bytes read=1408
		FILE: Number of bytes written=527923
		FILE: Number of read operations=0
		FILE: Number of large read operations=0
		FILE: Number of write operations=0
	Map-Reduce Framework
		Map input records=24
		Map output records=19
		Map output bytes=218
		Map output materialized bytes=262
		Input split bytes=125
		Combine input records=0
		Combine output records=0
		Reduce input groups=4
		Reduce shuffle bytes=262
		Reduce input records=19
		Reduce output records=4
		Spilled Records=38
		Shuffled Maps =1
		Failed Shuffles=0
		Merged Map outputs=1
		GC time elapsed (ms)=92
		CPU time spent (ms)=0
		Physical memory (bytes) snapshot=0
		Virtual memory (bytes) snapshot=0
		Total committed heap usage (bytes)=459284480
	Shuffle Errors
		BAD_ID=0
		CONNECTION=0
		IO_ERROR=0
		WRONG_LENGTH=0
		WRONG_MAP=0
		WRONG_REDUCE=0
	File Input Format Counters 
		Bytes Read=246
	File Output Format Counters 
		Bytes Written=53
2016-02-28 16:22:19,412 WARN org.apache.hadoop.util.NativeCodeLoader: Unable to load native-hadoop library for your platform... using builtin-java classes where applicable
2016-02-28 16:22:38,199 INFO org.apache.hadoop.conf.Configuration.deprecation: session.id is deprecated. Instead, use dfs.metrics.session-id
2016-02-28 16:22:38,202 INFO org.apache.hadoop.metrics.jvm.JvmMetrics: Initializing JVM Metrics with processName=JobTracker, sessionId=
2016-02-28 16:23:02,427 WARN org.apache.hadoop.security.UserGroupInformation: PriviledgedActionException as:cloudera (auth:SIMPLE) cause:org.apache.hadoop.mapred.FileAlreadyExistsException: Output directory file:/home/cloudera/workspace/MavenCards/output already exists
2016-02-28 16:23:35,471 WARN org.apache.hadoop.util.NativeCodeLoader: Unable to load native-hadoop library for your platform... using builtin-java classes where applicable
2016-02-28 16:23:46,524 INFO org.apache.hadoop.conf.Configuration.deprecation: session.id is deprecated. Instead, use dfs.metrics.session-id
2016-02-28 16:23:46,529 INFO org.apache.hadoop.metrics.jvm.JvmMetrics: Initializing JVM Metrics with processName=JobTracker, sessionId=
2016-02-28 16:23:47,710 WARN org.apache.hadoop.mapreduce.JobResourceUploader: No job jar file set.  User classes may not be found. See Job or Job#setJar(String).
2016-02-28 16:23:47,770 INFO org.apache.hadoop.mapreduce.lib.input.FileInputFormat: Total input paths to process : 1
2016-02-28 16:23:48,099 INFO org.apache.hadoop.mapreduce.JobSubmitter: number of splits:1
2016-02-28 16:23:49,490 INFO org.apache.hadoop.mapreduce.JobSubmitter: Submitting tokens for job: job_local2104759643_0001
2016-02-28 16:23:55,276 INFO org.apache.hadoop.mapreduce.Job: The url to track the job: http://localhost:8080/
2016-02-28 16:23:55,279 INFO org.apache.hadoop.mapreduce.Job: Running job: job_local2104759643_0001
2016-02-28 16:23:55,295 INFO org.apache.hadoop.mapred.LocalJobRunner: OutputCommitter set in config null
2016-02-28 16:23:55,305 INFO org.apache.hadoop.mapreduce.lib.output.FileOutputCommitter: File Output Committer Algorithm version is 1
2016-02-28 16:23:55,308 INFO org.apache.hadoop.mapred.LocalJobRunner: OutputCommitter is org.apache.hadoop.mapreduce.lib.output.FileOutputCommitter
2016-02-28 16:23:55,399 INFO org.apache.hadoop.mapred.LocalJobRunner: Waiting for map tasks
2016-02-28 16:23:55,410 INFO org.apache.hadoop.mapred.LocalJobRunner: Starting task: attempt_local2104759643_0001_m_000000_0
2016-02-28 16:23:55,446 INFO org.apache.hadoop.mapreduce.lib.output.FileOutputCommitter: File Output Committer Algorithm version is 1
2016-02-28 16:23:55,494 INFO org.apache.hadoop.mapred.Task:  Using ResourceCalculatorProcessTree : [ ]
2016-02-28 16:23:55,509 INFO org.apache.hadoop.mapred.MapTask: Processing split: file:/home/cloudera/workspace/MavenCards/input/cardinput.txt:0+246
2016-02-28 16:23:55,692 INFO org.apache.hadoop.mapred.MapTask: (EQUATOR) 0 kvi 26214396(104857584)
2016-02-28 16:23:55,693 INFO org.apache.hadoop.mapred.MapTask: mapreduce.task.io.sort.mb: 100
2016-02-28 16:23:55,693 INFO org.apache.hadoop.mapred.MapTask: soft limit at 83886080
2016-02-28 16:23:55,693 INFO org.apache.hadoop.mapred.MapTask: bufstart = 0; bufvoid = 104857600
2016-02-28 16:23:55,693 INFO org.apache.hadoop.mapred.MapTask: kvstart = 26214396; length = 6553600
2016-02-28 16:23:55,704 INFO org.apache.hadoop.mapred.MapTask: Map output collector class = org.apache.hadoop.mapred.MapTask$MapOutputBuffer
2016-02-28 16:23:56,305 INFO org.apache.hadoop.mapreduce.Job: Job job_local2104759643_0001 running in uber mode : false
2016-02-28 16:23:56,311 INFO org.apache.hadoop.mapreduce.Job:  map 0% reduce 0%
2016-02-28 16:24:01,502 INFO org.apache.hadoop.mapred.LocalJobRunner: map > map
2016-02-28 16:24:02,349 INFO org.apache.hadoop.mapreduce.Job:  map 3% reduce 0%
2016-02-28 16:24:39,253 WARN org.apache.hadoop.util.NativeCodeLoader: Unable to load native-hadoop library for your platform... using builtin-java classes where applicable
2016-02-28 16:24:40,091 INFO org.apache.hadoop.conf.Configuration.deprecation: session.id is deprecated. Instead, use dfs.metrics.session-id
2016-02-28 16:24:40,097 INFO org.apache.hadoop.metrics.jvm.JvmMetrics: Initializing JVM Metrics with processName=JobTracker, sessionId=
2016-02-28 16:25:00,116 WARN org.apache.hadoop.security.UserGroupInformation: PriviledgedActionException as:cloudera (auth:SIMPLE) cause:org.apache.hadoop.mapred.FileAlreadyExistsException: Output directory file:/home/cloudera/workspace/MavenCards/output already exists
2016-02-28 16:25:31,499 WARN org.apache.hadoop.util.NativeCodeLoader: Unable to load native-hadoop library for your platform... using builtin-java classes where applicable
2016-02-28 16:25:32,369 INFO org.apache.hadoop.conf.Configuration.deprecation: session.id is deprecated. Instead, use dfs.metrics.session-id
2016-02-28 16:25:32,370 INFO org.apache.hadoop.metrics.jvm.JvmMetrics: Initializing JVM Metrics with processName=JobTracker, sessionId=
2016-02-28 16:25:33,104 WARN org.apache.hadoop.mapreduce.JobResourceUploader: No job jar file set.  User classes may not be found. See Job or Job#setJar(String).
2016-02-28 16:25:33,119 INFO org.apache.hadoop.mapreduce.lib.input.FileInputFormat: Total input paths to process : 1
2016-02-28 16:25:33,218 INFO org.apache.hadoop.mapreduce.JobSubmitter: number of splits:1
2016-02-28 16:25:33,618 INFO org.apache.hadoop.mapreduce.JobSubmitter: Submitting tokens for job: job_local504651225_0001
2016-02-28 16:25:34,504 INFO org.apache.hadoop.mapreduce.Job: The url to track the job: http://localhost:8080/
2016-02-28 16:25:34,505 INFO org.apache.hadoop.mapreduce.Job: Running job: job_local504651225_0001
2016-02-28 16:25:34,515 INFO org.apache.hadoop.mapred.LocalJobRunner: OutputCommitter set in config null
2016-02-28 16:25:34,552 INFO org.apache.hadoop.mapreduce.lib.output.FileOutputCommitter: File Output Committer Algorithm version is 1
2016-02-28 16:25:34,572 INFO org.apache.hadoop.mapred.LocalJobRunner: OutputCommitter is org.apache.hadoop.mapreduce.lib.output.FileOutputCommitter
2016-02-28 16:25:34,792 INFO org.apache.hadoop.mapred.LocalJobRunner: Waiting for map tasks
2016-02-28 16:25:34,797 INFO org.apache.hadoop.mapred.LocalJobRunner: Starting task: attempt_local504651225_0001_m_000000_0
2016-02-28 16:25:34,929 INFO org.apache.hadoop.mapreduce.lib.output.FileOutputCommitter: File Output Committer Algorithm version is 1
2016-02-28 16:25:35,026 INFO org.apache.hadoop.mapred.Task:  Using ResourceCalculatorProcessTree : [ ]
2016-02-28 16:25:35,048 INFO org.apache.hadoop.mapred.MapTask: Processing split: file:/home/cloudera/workspace/MavenCards/input/cardinput.txt:0+246
2016-02-28 16:25:35,340 INFO org.apache.hadoop.mapred.MapTask: (EQUATOR) 0 kvi 26214396(104857584)
2016-02-28 16:25:35,344 INFO org.apache.hadoop.mapred.MapTask: mapreduce.task.io.sort.mb: 100
2016-02-28 16:25:35,347 INFO org.apache.hadoop.mapred.MapTask: soft limit at 83886080
2016-02-28 16:25:35,347 INFO org.apache.hadoop.mapred.MapTask: bufstart = 0; bufvoid = 104857600
2016-02-28 16:25:35,347 INFO org.apache.hadoop.mapred.MapTask: kvstart = 26214396; length = 6553600
2016-02-28 16:25:35,366 INFO org.apache.hadoop.mapred.MapTask: Map output collector class = org.apache.hadoop.mapred.MapTask$MapOutputBuffer
2016-02-28 16:25:35,518 INFO org.apache.hadoop.mapreduce.Job: Job job_local504651225_0001 running in uber mode : false
2016-02-28 16:25:35,520 INFO org.apache.hadoop.mapreduce.Job:  map 0% reduce 0%
2016-02-28 16:25:40,941 INFO org.apache.hadoop.mapred.LocalJobRunner: map > map
2016-02-28 16:25:41,529 INFO org.apache.hadoop.mapreduce.Job:  map 3% reduce 0%
2016-02-28 16:26:37,951 INFO org.apache.hadoop.mapred.LocalJobRunner: map > map
2016-02-28 16:26:38,601 INFO org.apache.hadoop.mapreduce.Job:  map 6% reduce 0%
2016-02-28 16:26:40,952 INFO org.apache.hadoop.mapred.LocalJobRunner: map > map
2016-02-28 16:26:52,956 INFO org.apache.hadoop.mapred.LocalJobRunner: map > map
2016-02-28 16:26:53,619 INFO org.apache.hadoop.mapreduce.Job:  map 9% reduce 0%
2016-02-28 16:26:58,958 INFO org.apache.hadoop.mapred.LocalJobRunner: map > map
2016-02-28 16:26:59,626 INFO org.apache.hadoop.mapreduce.Job:  map 11% reduce 0%
2016-02-28 16:49:07,633 WARN org.apache.hadoop.util.NativeCodeLoader: Unable to load native-hadoop library for your platform... using builtin-java classes where applicable
2016-02-28 16:49:08,422 INFO org.apache.hadoop.conf.Configuration.deprecation: session.id is deprecated. Instead, use dfs.metrics.session-id
2016-02-28 16:49:08,424 INFO org.apache.hadoop.metrics.jvm.JvmMetrics: Initializing JVM Metrics with processName=JobTracker, sessionId=
2016-02-28 16:49:09,461 WARN org.apache.hadoop.mapreduce.JobResourceUploader: No job jar file set.  User classes may not be found. See Job or Job#setJar(String).
2016-02-28 16:49:09,505 INFO org.apache.hadoop.mapreduce.lib.input.FileInputFormat: Total input paths to process : 1
2016-02-28 16:49:09,577 INFO org.apache.hadoop.mapreduce.JobSubmitter: number of splits:1
2016-02-28 16:49:09,951 INFO org.apache.hadoop.mapreduce.JobSubmitter: Submitting tokens for job: job_local76566822_0001
2016-02-28 16:49:10,717 INFO org.apache.hadoop.mapreduce.Job: The url to track the job: http://localhost:8080/
2016-02-28 16:49:10,722 INFO org.apache.hadoop.mapreduce.Job: Running job: job_local76566822_0001
2016-02-28 16:49:10,725 INFO org.apache.hadoop.mapred.LocalJobRunner: OutputCommitter set in config null
2016-02-28 16:49:10,738 INFO org.apache.hadoop.mapreduce.lib.output.FileOutputCommitter: File Output Committer Algorithm version is 1
2016-02-28 16:49:10,746 INFO org.apache.hadoop.mapred.LocalJobRunner: OutputCommitter is org.apache.hadoop.mapreduce.lib.output.FileOutputCommitter
2016-02-28 16:49:10,950 INFO org.apache.hadoop.mapred.LocalJobRunner: Waiting for map tasks
2016-02-28 16:49:10,954 INFO org.apache.hadoop.mapred.LocalJobRunner: Starting task: attempt_local76566822_0001_m_000000_0
2016-02-28 16:49:11,074 INFO org.apache.hadoop.mapreduce.lib.output.FileOutputCommitter: File Output Committer Algorithm version is 1
2016-02-28 16:49:11,111 INFO org.apache.hadoop.mapred.Task:  Using ResourceCalculatorProcessTree : [ ]
2016-02-28 16:49:11,118 INFO org.apache.hadoop.mapred.MapTask: Processing split: file:/home/cloudera/workspace/MavenCards/input/cardinput.txt:0+246
2016-02-28 16:49:11,348 INFO org.apache.hadoop.mapred.MapTask: (EQUATOR) 0 kvi 26214396(104857584)
2016-02-28 16:49:11,348 INFO org.apache.hadoop.mapred.MapTask: mapreduce.task.io.sort.mb: 100
2016-02-28 16:49:11,348 INFO org.apache.hadoop.mapred.MapTask: soft limit at 83886080
2016-02-28 16:49:11,348 INFO org.apache.hadoop.mapred.MapTask: bufstart = 0; bufvoid = 104857600
2016-02-28 16:49:11,348 INFO org.apache.hadoop.mapred.MapTask: kvstart = 26214396; length = 6553600
2016-02-28 16:49:11,355 INFO org.apache.hadoop.mapred.MapTask: Map output collector class = org.apache.hadoop.mapred.MapTask$MapOutputBuffer
2016-02-28 16:49:11,386 INFO org.apache.hadoop.mapred.LocalJobRunner: 
2016-02-28 16:49:11,389 INFO org.apache.hadoop.mapred.MapTask: Starting flush of map output
2016-02-28 16:49:11,390 INFO org.apache.hadoop.mapred.MapTask: Spilling map output
2016-02-28 16:49:11,390 INFO org.apache.hadoop.mapred.MapTask: bufstart = 0; bufend = 218; bufvoid = 104857600
2016-02-28 16:49:11,390 INFO org.apache.hadoop.mapred.MapTask: kvstart = 26214396(104857584); kvend = 26214324(104857296); length = 73/6553600
2016-02-28 16:49:11,413 INFO org.apache.hadoop.mapred.MapTask: Finished spill 0
2016-02-28 16:49:11,422 INFO org.apache.hadoop.mapred.Task: Task:attempt_local76566822_0001_m_000000_0 is done. And is in the process of committing
2016-02-28 16:49:11,445 INFO org.apache.hadoop.mapred.LocalJobRunner: map
2016-02-28 16:49:11,447 INFO org.apache.hadoop.mapred.Task: Task 'attempt_local76566822_0001_m_000000_0' done.
2016-02-28 16:49:11,448 INFO org.apache.hadoop.mapred.LocalJobRunner: Finishing task: attempt_local76566822_0001_m_000000_0
2016-02-28 16:49:11,448 INFO org.apache.hadoop.mapred.LocalJobRunner: map task executor complete.
2016-02-28 16:49:11,468 INFO org.apache.hadoop.mapred.LocalJobRunner: Waiting for reduce tasks
2016-02-28 16:49:11,468 INFO org.apache.hadoop.mapred.LocalJobRunner: Starting task: attempt_local76566822_0001_r_000000_0
2016-02-28 16:49:11,489 INFO org.apache.hadoop.mapreduce.lib.output.FileOutputCommitter: File Output Committer Algorithm version is 1
2016-02-28 16:49:11,490 INFO org.apache.hadoop.mapred.Task:  Using ResourceCalculatorProcessTree : [ ]
2016-02-28 16:49:11,496 INFO org.apache.hadoop.mapred.ReduceTask: Using ShuffleConsumerPlugin: org.apache.hadoop.mapreduce.task.reduce.Shuffle@57cf81e
2016-02-28 16:49:11,534 INFO org.apache.hadoop.mapreduce.task.reduce.MergeManagerImpl: MergerManager: memoryLimit=1396395136, maxSingleShuffleLimit=349098784, mergeThreshold=921620800, ioSortFactor=10, memToMemMergeOutputsThreshold=10
2016-02-28 16:49:11,542 INFO org.apache.hadoop.mapreduce.task.reduce.EventFetcher: attempt_local76566822_0001_r_000000_0 Thread started: EventFetcher for fetching Map Completion Events
2016-02-28 16:49:11,585 INFO org.apache.hadoop.mapreduce.task.reduce.LocalFetcher: localfetcher#1 about to shuffle output of map attempt_local76566822_0001_m_000000_0 decomp: 258 len: 262 to MEMORY
2016-02-28 16:49:11,591 INFO org.apache.hadoop.mapreduce.task.reduce.InMemoryMapOutput: Read 258 bytes from map-output for attempt_local76566822_0001_m_000000_0
2016-02-28 16:49:11,594 INFO org.apache.hadoop.mapreduce.task.reduce.MergeManagerImpl: closeInMemoryFile -> map-output of size: 258, inMemoryMapOutputs.size() -> 1, commitMemory -> 0, usedMemory ->258
2016-02-28 16:49:11,595 INFO org.apache.hadoop.mapreduce.task.reduce.EventFetcher: EventFetcher is interrupted.. Returning
2016-02-28 16:49:11,596 INFO org.apache.hadoop.mapred.LocalJobRunner: 1 / 1 copied.
2016-02-28 16:49:11,596 INFO org.apache.hadoop.mapreduce.task.reduce.MergeManagerImpl: finalMerge called with 1 in-memory map-outputs and 0 on-disk map-outputs
2016-02-28 16:49:11,603 INFO org.apache.hadoop.mapred.Merger: Merging 1 sorted segments
2016-02-28 16:49:11,603 INFO org.apache.hadoop.mapred.Merger: Down to the last merge-pass, with 1 segments left of total size: 250 bytes
2016-02-28 16:49:11,606 INFO org.apache.hadoop.mapreduce.task.reduce.MergeManagerImpl: Merged 1 segments, 258 bytes to disk to satisfy reduce memory limit
2016-02-28 16:49:11,606 INFO org.apache.hadoop.mapreduce.task.reduce.MergeManagerImpl: Merging 1 files, 262 bytes from disk
2016-02-28 16:49:11,607 INFO org.apache.hadoop.mapreduce.task.reduce.MergeManagerImpl: Merging 0 segments, 0 bytes from memory into reduce
2016-02-28 16:49:11,607 INFO org.apache.hadoop.mapred.Merger: Merging 1 sorted segments
2016-02-28 16:49:11,607 INFO org.apache.hadoop.mapred.Merger: Down to the last merge-pass, with 1 segments left of total size: 250 bytes
2016-02-28 16:49:11,608 INFO org.apache.hadoop.mapred.LocalJobRunner: 1 / 1 copied.
2016-02-28 16:49:11,616 INFO org.apache.hadoop.conf.Configuration.deprecation: mapred.skip.on is deprecated. Instead, use mapreduce.job.skiprecords
2016-02-28 16:49:11,626 INFO org.apache.hadoop.mapred.Task: Task:attempt_local76566822_0001_r_000000_0 is done. And is in the process of committing
2016-02-28 16:49:11,631 INFO org.apache.hadoop.mapred.LocalJobRunner: 1 / 1 copied.
2016-02-28 16:49:11,631 INFO org.apache.hadoop.mapred.Task: Task attempt_local76566822_0001_r_000000_0 is allowed to commit now
2016-02-28 16:49:11,632 INFO org.apache.hadoop.mapreduce.lib.output.FileOutputCommitter: Saved output of task 'attempt_local76566822_0001_r_000000_0' to file:/home/cloudera/workspace/MavenCards/output/_temporary/0/task_local76566822_0001_r_000000
2016-02-28 16:49:11,634 INFO org.apache.hadoop.mapred.LocalJobRunner: reduce > reduce
2016-02-28 16:49:11,634 INFO org.apache.hadoop.mapred.Task: Task 'attempt_local76566822_0001_r_000000_0' done.
2016-02-28 16:49:11,634 INFO org.apache.hadoop.mapred.LocalJobRunner: Finishing task: attempt_local76566822_0001_r_000000_0
2016-02-28 16:49:11,634 INFO org.apache.hadoop.mapred.LocalJobRunner: reduce task executor complete.
2016-02-28 16:49:11,728 INFO org.apache.hadoop.mapreduce.Job: Job job_local76566822_0001 running in uber mode : false
2016-02-28 16:49:11,729 INFO org.apache.hadoop.mapreduce.Job:  map 100% reduce 100%
2016-02-28 16:49:11,731 INFO org.apache.hadoop.mapreduce.Job: Job job_local76566822_0001 completed successfully
2016-02-28 16:49:11,753 INFO org.apache.hadoop.mapreduce.Job: Counters: 33
	File System Counters
		FILE: Number of bytes read=1408
		FILE: Number of bytes written=525123
		FILE: Number of read operations=0
		FILE: Number of large read operations=0
		FILE: Number of write operations=0
	Map-Reduce Framework
		Map input records=24
		Map output records=19
		Map output bytes=218
		Map output materialized bytes=262
		Input split bytes=125
		Combine input records=0
		Combine output records=0
		Reduce input groups=4
		Reduce shuffle bytes=262
		Reduce input records=19
		Reduce output records=4
		Spilled Records=38
		Shuffled Maps =1
		Failed Shuffles=0
		Merged Map outputs=1
		GC time elapsed (ms)=91
		CPU time spent (ms)=0
		Physical memory (bytes) snapshot=0
		Virtual memory (bytes) snapshot=0
		Total committed heap usage (bytes)=459284480
	Shuffle Errors
		BAD_ID=0
		CONNECTION=0
		IO_ERROR=0
		WRONG_LENGTH=0
		WRONG_MAP=0
		WRONG_REDUCE=0
	File Input Format Counters 
		Bytes Read=246
	File Output Format Counters 
		Bytes Written=53
